[debug] [2019-03-29T14:19:54.527Z] ----------------------------------------------------------------------
[debug] [2019-03-29T14:19:54.529Z] Command:       C:\Program Files\nodejs\node.exe C:\Users\igor\AppData\Roaming\npm\node_modules\firebase-tools\lib\bin\firebase.js deploy
[debug] [2019-03-29T14:19:54.529Z] CLI Version:   6.5.0
[debug] [2019-03-29T14:19:54.529Z] Platform:      win32
[debug] [2019-03-29T14:19:54.529Z] Node Version:  v8.9.4
[debug] [2019-03-29T14:19:54.531Z] Time:          Fri Mar 29 2019 16:19:54 GMT+0200 (Фінляндія (зима))
[debug] [2019-03-29T14:19:54.531Z] ----------------------------------------------------------------------
[debug] 
[debug] [2019-03-29T14:19:54.561Z] > command requires scopes: ["email","openid","https://www.googleapis.com/auth/cloudplatformprojects.readonly","https://www.googleapis.com/auth/firebase","https://www.googleapis.com/auth/cloud-platform"]
[debug] [2019-03-29T14:19:54.562Z] > authorizing via signed-in user
[debug] [2019-03-29T14:19:54.563Z] [iam] checking project spa-app-43119 for permissions ["firebase.projects.get","firebasehosting.sites.update"]
[debug] [2019-03-29T14:19:54.567Z] > refreshing access token with scopes: ["email","https://www.googleapis.com/auth/cloud-platform","https://www.googleapis.com/auth/cloudplatformprojects.readonly","https://www.googleapis.com/auth/firebase","openid"]
[debug] [2019-03-29T14:19:54.568Z] >>> HTTP REQUEST POST https://www.googleapis.com/oauth2/v3/token  
 <request body omitted>
[debug] [2019-03-29T14:19:54.808Z] <<< HTTP RESPONSE 200
[debug] [2019-03-29T14:19:54.818Z] >>> HTTP REQUEST POST https://cloudresourcemanager.googleapis.com/v1/projects/spa-app-43119:testIamPermissions  

[debug] [2019-03-29T14:19:55.829Z] <<< HTTP RESPONSE 200
[debug] [2019-03-29T14:19:55.837Z] >>> HTTP REQUEST GET https://firebase.googleapis.com/v1beta1/projects/spa-app-43119  
 
[debug] [2019-03-29T14:19:56.193Z] <<< HTTP RESPONSE 200
[info] 
[info] === Deploying to 'spa-app-43119'...
[info] 
[info] i  deploying hosting
[debug] [2019-03-29T14:19:56.217Z] >>> HTTP REQUEST POST https://firebasehosting.googleapis.com/v1beta1/sites/spa-app-43119/versions  

